2021-01-16 13:07:44,704 INFO o.a.j.u.JMeterUtils: Setting Locale to en_EN
2021-01-16 13:07:44,728 INFO o.a.j.JMeter: Loading user properties from: user.properties
2021-01-16 13:07:44,729 INFO o.a.j.JMeter: Loading system properties from: system.properties
2021-01-16 13:07:44,743 INFO o.a.j.JMeter: Copyright (c) 1998-2020 The Apache Software Foundation
2021-01-16 13:07:44,743 INFO o.a.j.JMeter: Version 5.4
2021-01-16 13:07:44,743 INFO o.a.j.JMeter: java.version=1.8.0_271
2021-01-16 13:07:44,743 INFO o.a.j.JMeter: java.vm.name=Java HotSpot(TM) 64-Bit Server VM
2021-01-16 13:07:44,743 INFO o.a.j.JMeter: os.name=Windows 8.1
2021-01-16 13:07:44,744 INFO o.a.j.JMeter: os.arch=amd64
2021-01-16 13:07:44,744 INFO o.a.j.JMeter: os.version=6.3
2021-01-16 13:07:44,744 INFO o.a.j.JMeter: file.encoding=Cp1252
2021-01-16 13:07:44,744 INFO o.a.j.JMeter: java.awt.headless=true
2021-01-16 13:07:44,744 INFO o.a.j.JMeter: Max memory     =1073741824
2021-01-16 13:07:44,744 INFO o.a.j.JMeter: Available Processors =4
2021-01-16 13:07:44,750 INFO o.a.j.JMeter: Default Locale=English (EN)
2021-01-16 13:07:44,751 INFO o.a.j.JMeter: JMeter  Locale=English (EN)
2021-01-16 13:07:44,751 INFO o.a.j.JMeter: JMeterHome=C:\CMS\Jmeter\apache-jmeter-5.4
2021-01-16 13:07:44,751 INFO o.a.j.JMeter: user.dir  =C:\CMS\Jmeter\apache-jmeter-5.4\bin
2021-01-16 13:07:44,752 INFO o.a.j.JMeter: PWD       =C:\CMS\Jmeter\apache-jmeter-5.4\bin
2021-01-16 13:07:44,756 INFO o.a.j.JMeter: IP: 192.168.1.85 Name: D234Q22 FullName: D234Q22.lbd.local
2021-01-16 13:07:44,763 INFO o.a.j.s.FileServer: Default base='C:\CMS\Jmeter\apache-jmeter-5.4\bin'
2021-01-16 13:07:44,765 INFO o.a.j.s.FileServer: Set new base='C:\CMS\Jmeter\AWSTests'
2021-01-16 13:07:44,976 INFO o.a.j.s.SaveService: Testplan (JMX) version: 2.2. Testlog (JTL) version: 2.2
2021-01-16 13:07:45,010 INFO o.a.j.s.SaveService: Using SaveService properties file encoding UTF-8
2021-01-16 13:07:45,016 INFO o.a.j.s.SaveService: Using SaveService properties version 5.0
2021-01-16 13:07:45,024 INFO o.a.j.s.SaveService: Loading file: C:\CMS\Jmeter\AWSTests\Weather_AWS.jmx
2021-01-16 13:07:45,077 INFO o.a.j.p.h.c.CookieManager: Settings: Delete null: true Check: true Allow variable: true Save: false Prefix: COOKIE_
2021-01-16 13:07:45,084 INFO o.a.j.p.h.c.CacheManager: Will only cache the following methods: [GET]
2021-01-16 13:07:45,106 INFO o.a.j.p.h.s.HTTPSamplerBase: Parser for text/html is org.apache.jmeter.protocol.http.parser.LagartoBasedHtmlParser
2021-01-16 13:07:45,106 INFO o.a.j.p.h.s.HTTPSamplerBase: Parser for application/xhtml+xml is org.apache.jmeter.protocol.http.parser.LagartoBasedHtmlParser
2021-01-16 13:07:45,106 INFO o.a.j.p.h.s.HTTPSamplerBase: Parser for application/xml is org.apache.jmeter.protocol.http.parser.LagartoBasedHtmlParser
2021-01-16 13:07:45,106 INFO o.a.j.p.h.s.HTTPSamplerBase: Parser for text/xml is org.apache.jmeter.protocol.http.parser.LagartoBasedHtmlParser
2021-01-16 13:07:45,107 INFO o.a.j.p.h.s.HTTPSamplerBase: Parser for text/vnd.wap.wml is org.apache.jmeter.protocol.http.parser.RegexpHTMLParser
2021-01-16 13:07:45,107 INFO o.a.j.p.h.s.HTTPSamplerBase: Parser for text/css is org.apache.jmeter.protocol.http.parser.CssParser
2021-01-16 13:07:45,211 INFO o.a.j.JMeter: Creating summariser <summary>
2021-01-16 13:07:45,224 INFO o.a.j.e.StandardJMeterEngine: Running the test!
2021-01-16 13:07:45,227 INFO o.a.j.s.SampleEvent: List of sample_variables: []
2021-01-16 13:07:45,227 INFO o.a.j.s.SampleEvent: List of sample_variables: []
2021-01-16 13:07:45,236 INFO o.a.j.e.u.CompoundVariable: Note: Function class names must contain the string: '.functions.'
2021-01-16 13:07:45,237 INFO o.a.j.e.u.CompoundVariable: Note: Function class names must not contain the string: '.gui.'
2021-01-16 13:07:45,764 INFO o.a.j.JMeter: Running test (1610820465764)
2021-01-16 13:07:45,808 INFO o.a.j.e.StandardJMeterEngine: Starting ThreadGroup: 1 : Weather
2021-01-16 13:07:45,809 INFO o.a.j.e.StandardJMeterEngine: Starting 1 threads for group Weather.
2021-01-16 13:07:45,809 INFO o.a.j.e.StandardJMeterEngine: Thread will continue on error
2021-01-16 13:07:45,809 INFO o.a.j.t.ThreadGroup: Starting thread group... number=1 threads=1 ramp-up=1 delayedStart=false
2021-01-16 13:07:45,819 INFO o.a.j.t.ThreadGroup: Started thread group number 1
2021-01-16 13:07:45,819 INFO o.a.j.e.StandardJMeterEngine: All thread groups have been started
2021-01-16 13:07:45,883 INFO o.a.j.s.SampleResult: Note: Sample TimeStamps are START times
2021-01-16 13:07:45,883 INFO o.a.j.s.SampleResult: sampleresult.default.encoding is set to ISO-8859-1
2021-01-16 13:07:45,884 INFO o.a.j.s.SampleResult: sampleresult.useNanoTime=true
2021-01-16 13:07:45,884 INFO o.a.j.s.SampleResult: sampleresult.nanoThreadSleep=5000
2021-01-16 13:07:45,885 INFO o.a.j.t.JMeterThread: Thread started: Weather 1-1
2021-01-16 13:07:45,909 INFO o.a.j.p.h.s.HTTPHCAbstractImpl: Local host = D234Q22
2021-01-16 13:07:45,917 INFO o.a.j.p.h.s.HTTPHC4Impl: HTTP request retry count = 0
2021-01-16 13:07:46,802 INFO o.a.j.p.h.s.h.LazyLayeredConnectionSocketFactory: Setting up HTTPS TrustAll Socket Factory
2021-01-16 13:07:46,812 INFO o.a.j.u.JsseSSLManager: Using default SSL protocol: TLS
2021-01-16 13:07:46,813 INFO o.a.j.u.JsseSSLManager: SSL session context: per-thread
2021-01-16 13:07:47,271 INFO o.a.j.u.SSLManager: JmeterKeyStore Location:  type JKS
2021-01-16 13:07:47,272 INFO o.a.j.u.SSLManager: KeyStore created OK
2021-01-16 13:07:47,273 WARN o.a.j.u.SSLManager: Keystore file not found, loading empty keystore
2021-01-16 13:07:53,213 INFO o.a.j.s.FileServer: Stored: C:/CMS/Jmeter/AWS Tests/zipcode.csv
2021-01-16 13:07:53,215 ERROR o.a.j.t.JMeterThread: Test failed!
java.lang.IllegalArgumentException: Could not read file header line for file C:/CMS/Jmeter/AWS Tests/zipcode.csv
	at org.apache.jmeter.services.FileServer.reserveFile(FileServer.java:283) ~[ApacheJMeter_core.jar:5.4]
	at org.apache.jmeter.config.CSVDataSet.initVars(CSVDataSet.java:208) ~[ApacheJMeter_components.jar:5.4]
	at org.apache.jmeter.config.CSVDataSet.iterationStart(CSVDataSet.java:171) ~[ApacheJMeter_components.jar:5.4]
	at org.apache.jmeter.control.GenericController.fireIterationStart(GenericController.java:399) ~[ApacheJMeter_core.jar:5.4]
	at org.apache.jmeter.control.GenericController.fireIterEvents(GenericController.java:391) ~[ApacheJMeter_core.jar:5.4]
	at org.apache.jmeter.control.GenericController.next(GenericController.java:160) ~[ApacheJMeter_core.jar:5.4]
	at org.apache.jmeter.control.TransactionController.nextWithoutTransactionSampler(TransactionController.java:205) ~[ApacheJMeter_core.jar:5.4]
	at org.apache.jmeter.control.TransactionController.next(TransactionController.java:135) ~[ApacheJMeter_core.jar:5.4]
	at org.apache.jmeter.control.GenericController.nextIsAController(GenericController.java:222) ~[ApacheJMeter_core.jar:5.4]
	at org.apache.jmeter.control.GenericController.next(GenericController.java:175) ~[ApacheJMeter_core.jar:5.4]
	at org.apache.jmeter.control.LoopController.next(LoopController.java:134) ~[ApacheJMeter_core.jar:5.4]
	at org.apache.jmeter.threads.AbstractThreadGroup.next(AbstractThreadGroup.java:91) ~[ApacheJMeter_core.jar:5.4]
	at org.apache.jmeter.threads.JMeterThread.run(JMeterThread.java:291) [ApacheJMeter_core.jar:5.4]
	at java.lang.Thread.run(Unknown Source) [?:1.8.0_271]
Caused by: java.lang.IllegalArgumentException: File zipcode.csv must exist and be readable
	at org.apache.jmeter.services.FileServer.createBufferedReader(FileServer.java:424) ~[ApacheJMeter_core.jar:5.4]
	at org.apache.jmeter.services.FileServer.readLine(FileServer.java:340) ~[ApacheJMeter_core.jar:5.4]
	at org.apache.jmeter.services.FileServer.readLine(FileServer.java:324) ~[ApacheJMeter_core.jar:5.4]
	at org.apache.jmeter.services.FileServer.reserveFile(FileServer.java:272) ~[ApacheJMeter_core.jar:5.4]
	... 13 more
2021-01-16 13:07:53,236 INFO o.a.j.t.JMeterThread: Thread finished: Weather 1-1
2021-01-16 13:07:53,243 INFO o.a.j.e.StandardJMeterEngine: Notifying test listeners of end of test
2021-01-16 13:07:53,246 INFO o.a.j.r.Summariser: summary =      3 in 00:00:07 =    0.4/s Avg:  2397 Min:  1555 Max:  3616 Err:     0 (0.00%)
